0 info it worked if it ends with ok
1 verbose cli [ 'C:\\Program Files\\nodejs\\node.exe',
1 verbose cli   'C:\\Program Files\\nodejs\\node_modules\\npm\\bin\\npm-cli.js',
1 verbose cli   'install',
1 verbose cli   '-g',
1 verbose cli   'ionic' ]
2 info using npm@2.14.12
3 info using node@v4.2.6
4 verbose install initial load of C:\Users\richard.silva\AppData\Roaming\npm\package.json
5 verbose readDependencies loading dependencies from C:\Users\richard.silva\AppData\Roaming\npm\package.json
6 silly cache add args [ 'ionic', null ]
7 verbose cache add spec ionic
8 silly cache add parsed spec Result {
8 silly cache add   raw: 'ionic',
8 silly cache add   scope: null,
8 silly cache add   name: 'ionic',
8 silly cache add   rawSpec: '',
8 silly cache add   spec: 'latest',
8 silly cache add   type: 'tag' }
9 silly addNamed ionic@latest
10 verbose addNamed "latest" is being treated as a dist-tag for ionic
11 info addNameTag [ 'ionic', 'latest' ]
12 silly mapToRegistry name ionic
13 silly mapToRegistry using default registry
14 silly mapToRegistry registry https://registry.npmjs.org/
15 silly mapToRegistry uri https://registry.npmjs.org/ionic
16 verbose addNameTag registry:https://registry.npmjs.org/ionic not in flight; fetching
17 verbose request uri https://registry.npmjs.org/ionic
18 verbose request no auth needed
19 info attempt registry request try #1 at 20:31:50
20 verbose request id 064c50d1d5573bc6
21 verbose etag "6PII78BB43TSAD8WRLFUS00I2"
22 http request GET https://registry.npmjs.org/ionic
23 http 200 https://registry.npmjs.org/ionic
24 verbose headers { server: 'CouchDB/1.5.0 (Erlang OTP/R16B03)',
24 verbose headers   etag: '"67N4ZHNF7NWJ26JQUHHB7HR46"',
24 verbose headers   'content-type': 'application/json',
24 verbose headers   'cache-control': 'max-age=300',
24 verbose headers   'content-length': '667634',
24 verbose headers   'accept-ranges': 'bytes',
24 verbose headers   date: 'Sat, 06 Feb 2016 22:31:50 GMT',
24 verbose headers   via: '1.1 varnish',
24 verbose headers   age: '158',
24 verbose headers   connection: 'keep-alive',
24 verbose headers   'x-served-by': 'cache-jfk1031-JFK',
24 verbose headers   'x-cache': 'HIT',
24 verbose headers   'x-cache-hits': '1',
24 verbose headers   'x-timer': 'S1454797910.771272,VS0,VE1',
24 verbose headers   vary: 'Accept' }
25 silly get cb [ 200,
25 silly get   { server: 'CouchDB/1.5.0 (Erlang OTP/R16B03)',
25 silly get     etag: '"67N4ZHNF7NWJ26JQUHHB7HR46"',
25 silly get     'content-type': 'application/json',
25 silly get     'cache-control': 'max-age=300',
25 silly get     'content-length': '667634',
25 silly get     'accept-ranges': 'bytes',
25 silly get     date: 'Sat, 06 Feb 2016 22:31:50 GMT',
25 silly get     via: '1.1 varnish',
25 silly get     age: '158',
25 silly get     connection: 'keep-alive',
25 silly get     'x-served-by': 'cache-jfk1031-JFK',
25 silly get     'x-cache': 'HIT',
25 silly get     'x-cache-hits': '1',
25 silly get     'x-timer': 'S1454797910.771272,VS0,VE1',
25 silly get     vary: 'Accept' } ]
26 verbose get saving ionic to C:\Users\richard.silva\AppData\Roaming\npm-cache\registry.npmjs.org\ionic\.cache.json
27 silly addNameTag next cb for ionic with tag latest
28 silly addNamed ionic@1.7.14
29 verbose addNamed "1.7.14" is a plain semver version for ionic
30 silly mapToRegistry name ionic
31 silly mapToRegistry using default registry
32 silly mapToRegistry registry https://registry.npmjs.org/
33 silly mapToRegistry uri https://registry.npmjs.org/ionic
34 verbose addRemoteTarball https://registry.npmjs.org/ionic/-/ionic-1.7.14.tgz not in flight; adding
35 verbose addRemoteTarball [ 'https://registry.npmjs.org/ionic/-/ionic-1.7.14.tgz',
35 verbose addRemoteTarball   'af493d5df4688d917d778b0934d1739b9be6efe6' ]
36 info retry fetch attempt 1 at 20:31:52
37 info attempt registry request try #1 at 20:31:52
38 http fetch GET https://registry.npmjs.org/ionic/-/ionic-1.7.14.tgz
39 http fetch 200 https://registry.npmjs.org/ionic/-/ionic-1.7.14.tgz
40 silly fetchAndShaCheck shasum af493d5df4688d917d778b0934d1739b9be6efe6
41 verbose addTmpTarball C:\Users\RICHAR~1.SIL\AppData\Local\Temp\npm-9816-6b1bf197\registry.npmjs.org\ionic\-\ionic-1.7.14.tgz not in flight; adding
42 verbose addTmpTarball already have metadata; skipping unpack for ionic@1.7.14
43 silly cache afterAdd ionic@1.7.14
44 verbose afterAdd C:\Users\richard.silva\AppData\Roaming\npm-cache\ionic\1.7.14\package\package.json not in flight; writing
45 verbose afterAdd C:\Users\richard.silva\AppData\Roaming\npm-cache\ionic\1.7.14\package\package.json written
46 silly install resolved [ { name: 'ionic',
46 silly install resolved     version: '1.7.14',
46 silly install resolved     preferGlobal: true,
46 silly install resolved     description: 'A tool for creating and developing Ionic Framework mobile apps.',
46 silly install resolved     homepage: 'http://ionicframework.com/',
46 silly install resolved     bin: { ionic: 'bin/ionic' },
46 silly install resolved     scripts:
46 silly install resolved      { bump: 'node lib/tasks/bumpversion',
46 silly install resolved        'beta-bump': 'node lib/tasks/bumpversion --level pre --identifier beta',
46 silly install resolved        'publish-release': 'node lib/tasks/bumpversion --npmPublish',
46 silly install resolved        'publish-tag': 'node lib/tasks/bumpversion --level beta --npmPublishTag',
46 silly install resolved        'full-release': 'node lib/tasks/bumpversion --npmInstall --git --npmPublish',
46 silly install resolved        test: 'npm run jasmine',
46 silly install resolved        e2e: 'jasmine-node --captureExceptions ./e2e',
46 silly install resolved        jasmine: 'jasmine-node --captureExceptions  ./spec' },
46 silly install resolved     keywords:
46 silly install resolved      [ 'ionic',
46 silly install resolved        'ionic framework',
46 silly install resolved        'ionicframework',
46 silly install resolved        'mobile',
46 silly install resolved        'app',
46 silly install resolved        'hybrid',
46 silly install resolved        'cordova',
46 silly install resolved        'phonegap' ],
46 silly install resolved     repository:
46 silly install resolved      { type: 'git',
46 silly install resolved        url: 'git+https://github.com/driftyco/ionic-cli.git' },
46 silly install resolved     contributors: [ [Object], [Object], [Object], [Object] ],
46 silly install resolved     license: 'MIT',
46 silly install resolved     dependencies:
46 silly install resolved      { async: '^0.9.0',
46 silly install resolved        cheerio: '^0.19.0',
46 silly install resolved        'cli-table': '^0.3.1',
46 silly install resolved        colors: '0.6.2',
46 silly install resolved        connect: '3.1.1',
46 silly install resolved        'connect-livereload': '0.5.2',
46 silly install resolved        crc: '3.2.1',
46 silly install resolved        'cross-spawn': '0.2.3',
46 silly install resolved        'event-stream': '3.0.x',
46 silly install resolved        'expand-tilde': '^1.2.0',
46 silly install resolved        finalhandler: '0.2.0',
46 silly install resolved        'form-data': '0.1.4',
46 silly install resolved        gulp: '3.8.8',
46 silly install resolved        'ionic-app-lib': '0.7.0',
46 silly install resolved        moment: '^2.10.6',
46 silly install resolved        ncp: '0.4.2',
46 silly install resolved        npm: '2.1.3',
46 silly install resolved        open: '0.0.5',
46 silly install resolved        optimist: '0.6.0',
46 silly install resolved        progress: '1.1.7',
46 silly install resolved        prompt: '0.2.12',
46 silly install resolved        'proxy-middleware': '^0.7.0',
46 silly install resolved        q: '1.0.1',
46 silly install resolved        request: '2.51.0',
46 silly install resolved        semver: '^4.2.0',
46 silly install resolved        'serve-static': '1.7.1',
46 silly install resolved        shelljs: '0.2.6',
46 silly install resolved        'tiny-lr-fork': '0.0.5',
46 silly install resolved        underscore: '~1.7.0',
46 silly install resolved        unzip: '0.1.9',
46 silly install resolved        'vinyl-fs': '0.3.7',
46 silly install resolved        xml2js: '0.4.4' },
46 silly install resolved     devDependencies: { 'jasmine-node': '^1.14.5', rewire: '^2.3.4' },
46 silly install resolved     gitHead: '5b03fedea11144cebd15a374c14c48252a318723',
46 silly install resolved     bugs: { url: 'https://github.com/driftyco/ionic-cli/issues' },
46 silly install resolved     bundleDependencies:
46 silly install resolved      [ 'async',
46 silly install resolved        'cheerio',
46 silly install resolved        'cli-table',
46 silly install resolved        'colors',
46 silly install resolved        'connect',
46 silly install resolved        'connect-livereload',
46 silly install resolved        'crc',
46 silly install resolved        'cross-spawn',
46 silly install resolved        'event-stream',
46 silly install resolved        'expand-tilde',
46 silly install resolved        'finalhandler',
46 silly install resolved        'form-data',
46 silly install resolved        'gulp',
46 silly install resolved        'ionic-app-lib',
46 silly install resolved        'moment',
46 silly install resolved        'ncp',
46 silly install resolved        'npm',
46 silly install resolved        'open',
46 silly install resolved        'optimist',
46 silly install resolved        'progress',
46 silly install resolved        'prompt',
46 silly install resolved        'proxy-middleware',
46 silly install resolved        'q',
46 silly install resolved        'request',
46 silly install resolved        'semver',
46 silly install resolved        'serve-static',
46 silly install resolved        'shelljs',
46 silly install resolved        'tiny-lr-fork',
46 silly install resolved        'underscore',
46 silly install resolved        'unzip',
46 silly install resolved        'vinyl-fs',
46 silly install resolved        'xml2js' ],
46 silly install resolved     _id: 'ionic@1.7.14',
46 silly install resolved     _shasum: 'af493d5df4688d917d778b0934d1739b9be6efe6',
46 silly install resolved     _from: 'ionic@latest',
46 silly install resolved     _npmVersion: '3.3.12',
46 silly install resolved     _nodeVersion: '5.1.0',
46 silly install resolved     _npmUser: { name: 'dwieeb', email: 'dwieeb@gmail.com' },
46 silly install resolved     dist:
46 silly install resolved      { shasum: 'af493d5df4688d917d778b0934d1739b9be6efe6',
46 silly install resolved        tarball: 'http://registry.npmjs.org/ionic/-/ionic-1.7.14.tgz' },
46 silly install resolved     maintainers: [ [Object], [Object], [Object], [Object], [Object] ],
46 silly install resolved     _npmOperationalInternal:
46 silly install resolved      { host: 'packages-9-west.internal.npmjs.com',
46 silly install resolved        tmp: 'tmp/ionic-1.7.14.tgz_1454368560204_0.25241430499590933' },
46 silly install resolved     directories: {},
46 silly install resolved     _resolved: 'https://registry.npmjs.org/ionic/-/ionic-1.7.14.tgz' } ]
47 info install ionic@1.7.14 into C:\Users\richard.silva\AppData\Roaming\npm
48 info installOne ionic@1.7.14
49 verbose installOne of ionic to C:\Users\richard.silva\AppData\Roaming\npm not in flight; installing
50 verbose lock using C:\Users\richard.silva\AppData\Roaming\npm-cache\_locks\ionic-ec343a53d6dd7b64.lock for C:\Users\richard.silva\AppData\Roaming\npm\node_modules\ionic
51 silly install write writing ionic 1.7.14 to C:\Users\richard.silva\AppData\Roaming\npm\node_modules\ionic
52 verbose unbuild node_modules\ionic
53 info preuninstall ionic@1.7.13
54 info uninstall ionic@1.7.13
55 verbose unbuild rmStuff ionic@1.7.13 from C:\Users\richard.silva\AppData\Roaming\npm\node_modules
56 silly gentlyRm C:\Users\richard.silva\AppData\Roaming\npm\ionic.cmd is being gently removed
57 silly gentlyRm verifying C:\Users\richard.silva\AppData\Roaming\npm is an npm working directory
58 silly gentlyRm containing path C:\Users\richard.silva\AppData\Roaming\npm is under npm's control, in C:\Users\richard.silva\AppData\Roaming\npm
59 silly gentlyRm deletion target C:\Users\richard.silva\AppData\Roaming\npm\ionic.cmd is under C:\Users\richard.silva\AppData\Roaming\npm
60 verbose gentlyRm vacuuming from C:\Users\richard.silva\AppData\Roaming\npm\ionic.cmd up to C:\Users\richard.silva\AppData\Roaming\npm
61 silly vacuum-fs removing C:\Users\richard.silva\AppData\Roaming\npm\ionic.cmd
62 silly vacuum-fs finished vacuuming up to C:\Users\richard.silva\AppData\Roaming\npm
63 silly gentlyRm C:\Users\richard.silva\AppData\Roaming\npm\ionic is being gently removed
64 silly gentlyRm verifying C:\Users\richard.silva\AppData\Roaming\npm is an npm working directory
65 silly gentlyRm containing path C:\Users\richard.silva\AppData\Roaming\npm is under npm's control, in C:\Users\richard.silva\AppData\Roaming\npm
66 silly gentlyRm deletion target C:\Users\richard.silva\AppData\Roaming\npm\ionic is under C:\Users\richard.silva\AppData\Roaming\npm
67 verbose gentlyRm vacuuming from C:\Users\richard.silva\AppData\Roaming\npm\ionic up to C:\Users\richard.silva\AppData\Roaming\npm
68 silly vacuum-fs removing C:\Users\richard.silva\AppData\Roaming\npm\ionic
69 silly vacuum-fs finished vacuuming up to C:\Users\richard.silva\AppData\Roaming\npm
70 info postuninstall ionic@1.7.13
71 silly gentlyRm C:\Users\richard.silva\AppData\Roaming\npm\node_modules\ionic is being purged from base C:\Users\richard.silva\AppData\Roaming\npm
72 verbose gentlyRm don't care about contents; nuking C:\Users\richard.silva\AppData\Roaming\npm\node_modules\ionic
73 silly vacuum-fs purging C:\Users\richard.silva\AppData\Roaming\npm\node_modules\ionic
74 verbose stack Error: read ECONNRESET
74 verbose stack     at exports._errnoException (util.js:870:11)
74 verbose stack     at TLSWrap.onread (net.js:544:26)
75 verbose cwd C:\Users\richard.silva\Digital Labs\Ionic\labApp
76 error Windows_NT 6.1.7601
77 error argv "C:\\Program Files\\nodejs\\node.exe" "C:\\Program Files\\nodejs\\node_modules\\npm\\bin\\npm-cli.js" "install" "-g" "ionic"
78 error node v4.2.6
79 error npm  v2.14.12
80 error code ECONNRESET
81 error errno ECONNRESET
82 error syscall read
83 error network read ECONNRESET
83 error network This is most likely not a problem with npm itself
83 error network and is related to network connectivity.
83 error network In most cases you are behind a proxy or have bad network settings.
83 error network
83 error network If you are behind a proxy, please make sure that the
83 error network 'proxy' config is set properly.  See: 'npm help config'
84 verbose exit [ 1, true ]
